This is pdfTeX, Version 3.141592653-2.6-1.40.26 (TeX Live 2024) (preloaded format=pdflatex 2024.5.31)  17 JUL 2024 16:31
entering extended mode
 restricted \write18 enabled.
 %&-line parsing enabled.
**mumps_diff.tex
(./mumps_diff.tex
LaTeX2e <2023-11-01> patch level 1
L3 programming layer <2024-05-08>
(/Users/sangwoopark/Library/TinyTeX/texmf-dist/tex/latex/base/article.cls
Document Class: article 2023/05/17 v1.4n Standard LaTeX document class
(/Users/sangwoopark/Library/TinyTeX/texmf-dist/tex/latex/base/size12.clo
File: size12.clo 2023/05/17 v1.4n Standard LaTeX file (size option)
)
\c@part=\count189
\c@section=\count190
\c@subsection=\count191
\c@subsubsection=\count192
\c@paragraph=\count193
\c@subparagraph=\count194
\c@figure=\count195
\c@table=\count196
\abovecaptionskip=\skip48
\belowcaptionskip=\skip49
\bibindent=\dimen140
) (/Users/sangwoopark/Library/TinyTeX/texmf-dist/tex/latex/geometry/geometry.sty
Package: geometry 2020/01/02 v5.9 Page Geometry
 (/Users/sangwoopark/Library/TinyTeX/texmf-dist/tex/latex/graphics/keyval.sty
Package: keyval 2022/05/29 v1.15 key=value parser (DPC)
\KV@toks@=\toks17
) (/Users/sangwoopark/Library/TinyTeX/texmf-dist/tex/generic/iftex/ifvtex.sty
Package: ifvtex 2019/10/25 v1.7 ifvtex legacy package. Use iftex instead.
 (/Users/sangwoopark/Library/TinyTeX/texmf-dist/tex/generic/iftex/iftex.sty
Package: iftex 2022/02/03 v1.0f TeX engine tests
))
\Gm@cnth=\count197
\Gm@cntv=\count198
\c@Gm@tempcnt=\count199
\Gm@bindingoffset=\dimen141
\Gm@wd@mp=\dimen142
\Gm@odd@mp=\dimen143
\Gm@even@mp=\dimen144
\Gm@layoutwidth=\dimen145
\Gm@layoutheight=\dimen146
\Gm@layouthoffset=\dimen147
\Gm@layoutvoffset=\dimen148
\Gm@dimlist=\toks18
) (/Users/sangwoopark/Library/TinyTeX/texmf-dist/tex/latex/graphics/graphicx.sty
Package: graphicx 2021/09/16 v1.2d Enhanced LaTeX Graphics (DPC,SPQR)
 (/Users/sangwoopark/Library/TinyTeX/texmf-dist/tex/latex/graphics/graphics.sty
Package: graphics 2022/03/10 v1.4e Standard LaTeX Graphics (DPC,SPQR)
 (/Users/sangwoopark/Library/TinyTeX/texmf-dist/tex/latex/graphics/trig.sty
Package: trig 2021/08/11 v1.11 sin cos tan (DPC)
) (/Users/sangwoopark/Library/TinyTeX/texmf-dist/tex/latex/graphics-cfg/graphics.cfg
File: graphics.cfg 2016/06/04 v1.11 sample graphics configuration
)
Package graphics Info: Driver file: pdftex.def on input line 107.
 (/Users/sangwoopark/Library/TinyTeX/texmf-dist/tex/latex/graphics-def/pdftex.def
File: pdftex.def 2024/04/13 v1.2c Graphics/color driver for pdftex
))
\Gin@req@height=\dimen149
\Gin@req@width=\dimen150
) (/Users/sangwoopark/Library/TinyTeX/texmf-dist/tex/latex/amscls/amsthm.sty
Package: amsthm 2020/05/29 v2.20.6
\thm@style=\toks19
\thm@bodyfont=\toks20
\thm@headfont=\toks21
\thm@notefont=\toks22
\thm@headpunct=\toks23
\thm@preskip=\skip50
\thm@postskip=\skip51
\thm@headsep=\skip52
\dth@everypar=\toks24
) (/Users/sangwoopark/Library/TinyTeX/texmf-dist/tex/latex/amsmath/amsmath.sty
Package: amsmath 2023/05/13 v2.17o AMS math features
\@mathmargin=\skip53

For additional information on amsmath, use the `?' option.
(/Users/sangwoopark/Library/TinyTeX/texmf-dist/tex/latex/amsmath/amstext.sty
Package: amstext 2021/08/26 v2.01 AMS text
 (/Users/sangwoopark/Library/TinyTeX/texmf-dist/tex/latex/amsmath/amsgen.sty
File: amsgen.sty 1999/11/30 v2.0 generic functions
\@emptytoks=\toks25
\ex@=\dimen151
)) (/Users/sangwoopark/Library/TinyTeX/texmf-dist/tex/latex/amsmath/amsbsy.sty
Package: amsbsy 1999/11/29 v1.2d Bold Symbols
\pmbraise@=\dimen152
) (/Users/sangwoopark/Library/TinyTeX/texmf-dist/tex/latex/amsmath/amsopn.sty
Package: amsopn 2022/04/08 v2.04 operator names
)
\inf@bad=\count266
LaTeX Info: Redefining \frac on input line 234.
\uproot@=\count267
\leftroot@=\count268
LaTeX Info: Redefining \overline on input line 399.
LaTeX Info: Redefining \colon on input line 410.
\classnum@=\count269
\DOTSCASE@=\count270
LaTeX Info: Redefining \ldots on input line 496.
LaTeX Info: Redefining \dots on input line 499.
LaTeX Info: Redefining \cdots on input line 620.
\Mathstrutbox@=\box51
\strutbox@=\box52
LaTeX Info: Redefining \big on input line 722.
LaTeX Info: Redefining \Big on input line 723.
LaTeX Info: Redefining \bigg on input line 724.
LaTeX Info: Redefining \Bigg on input line 725.
\big@size=\dimen153
LaTeX Font Info:    Redeclaring font encoding OML on input line 743.
LaTeX Font Info:    Redeclaring font encoding OMS on input line 744.
\macc@depth=\count271
LaTeX Info: Redefining \bmod on input line 905.
LaTeX Info: Redefining \pmod on input line 910.
LaTeX Info: Redefining \smash on input line 940.
LaTeX Info: Redefining \relbar on input line 970.
LaTeX Info: Redefining \Relbar on input line 971.
\c@MaxMatrixCols=\count272
\dotsspace@=\muskip16
\c@parentequation=\count273
\dspbrk@lvl=\count274
\tag@help=\toks26
\row@=\count275
\column@=\count276
\maxfields@=\count277
\andhelp@=\toks27
\eqnshift@=\dimen154
\alignsep@=\dimen155
\tagshift@=\dimen156
\tagwidth@=\dimen157
\totwidth@=\dimen158
\lineht@=\dimen159
\@envbody=\toks28
\multlinegap=\skip54
\multlinetaggap=\skip55
\mathdisplay@stack=\toks29
LaTeX Info: Redefining \[ on input line 2953.
LaTeX Info: Redefining \] on input line 2954.
) (/Users/sangwoopark/Library/TinyTeX/texmf-dist/tex/latex/amsfonts/amssymb.sty
Package: amssymb 2013/01/14 v3.01 AMS font symbols
 (/Users/sangwoopark/Library/TinyTeX/texmf-dist/tex/latex/amsfonts/amsfonts.sty
Package: amsfonts 2013/01/14 v3.01 Basic AMSFonts support
\symAMSa=\mathgroup4
\symAMSb=\mathgroup5
LaTeX Font Info:    Redeclaring math symbol \hbar on input line 98.
LaTeX Font Info:    Overwriting math alphabet `\mathfrak' in version `bold'
(Font)                  U/euf/m/n --> U/euf/b/n on input line 106.
)) (/Users/sangwoopark/Library/TinyTeX/texmf-dist/tex/latex/lineno/lineno.sty
Package: lineno 2023/05/20 line numbers on paragraphs v5.3
 (/Users/sangwoopark/Library/TinyTeX/texmf-dist/tex/latex/etoolbox/etoolbox.sty
Package: etoolbox 2020/10/05 v2.5k e-TeX tools for LaTeX (JAW)
\etb@tempcnta=\count278
) (/Users/sangwoopark/Library/TinyTeX/texmf-dist/tex/latex/kvoptions/kvoptions.sty
Package: kvoptions 2022-06-15 v3.15 Key value format for package options (HO)
 (/Users/sangwoopark/Library/TinyTeX/texmf-dist/tex/generic/ltxcmds/ltxcmds.sty
Package: ltxcmds 2023-12-04 v1.26 LaTeX kernel commands for general use (HO)
) (/Users/sangwoopark/Library/TinyTeX/texmf-dist/tex/latex/kvsetkeys/kvsetkeys.sty
Package: kvsetkeys 2022-10-05 v1.19 Key value parser (HO)
))
\linenopenalty=\count279
\output=\toks30
\linenoprevgraf=\count280
\linenumbersep=\dimen160
\linenumberwidth=\dimen161
\c@linenumber=\count281
\c@pagewiselinenumber=\count282
\c@LN@truepage=\count283
\c@internallinenumber=\count284
\c@internallinenumbers=\count285
\quotelinenumbersep=\dimen162
\bframerule=\dimen163
\bframesep=\dimen164
\bframebox=\box53
\linenoamsmath@ams@eqpen=\count286
LaTeX Info: Redefining \\ on input line 3180.
) (/Users/sangwoopark/Library/TinyTeX/texmf-dist/tex/latex/hyperref/hyperref.sty
Package: hyperref 2024-05-23 v7.01i Hypertext links for LaTeX
 (/Users/sangwoopark/Library/TinyTeX/texmf-dist/tex/generic/kvdefinekeys/kvdefinekeys.sty
Package: kvdefinekeys 2019-12-19 v1.6 Define keys (HO)
) (/Users/sangwoopark/Library/TinyTeX/texmf-dist/tex/generic/pdfescape/pdfescape.sty
Package: pdfescape 2019/12/09 v1.15 Implements pdfTeX's escape features (HO)
 (/Users/sangwoopark/Library/TinyTeX/texmf-dist/tex/generic/pdftexcmds/pdftexcmds.sty
Package: pdftexcmds 2020-06-27 v0.33 Utility functions of pdfTeX for LuaTeX (HO)
 (/Users/sangwoopark/Library/TinyTeX/texmf-dist/tex/generic/infwarerr/infwarerr.sty
Package: infwarerr 2019/12/03 v1.5 Providing info/warning/error messages (HO)
)
Package pdftexcmds Info: \pdf@primitive is available.
Package pdftexcmds Info: \pdf@ifprimitive is available.
Package pdftexcmds Info: \pdfdraftmode found.
)) (/Users/sangwoopark/Library/TinyTeX/texmf-dist/tex/latex/hycolor/hycolor.sty
Package: hycolor 2020-01-27 v1.10 Color options for hyperref/bookmark (HO)
) (/Users/sangwoopark/Library/TinyTeX/texmf-dist/tex/latex/hyperref/nameref.sty
Package: nameref 2023-11-26 v2.56 Cross-referencing by name of section
 (/Users/sangwoopark/Library/TinyTeX/texmf-dist/tex/latex/refcount/refcount.sty
Package: refcount 2019/12/15 v3.6 Data extraction from label references (HO)
) (/Users/sangwoopark/Library/TinyTeX/texmf-dist/tex/generic/gettitlestring/gettitlestring.sty
Package: gettitlestring 2019/12/15 v1.6 Cleanup title references (HO)
)
\c@section@level=\count287
) (/Users/sangwoopark/Library/TinyTeX/texmf-dist/tex/generic/stringenc/stringenc.sty
Package: stringenc 2019/11/29 v1.12 Convert strings between diff. encodings (HO)
)
\@linkdim=\dimen165
\Hy@linkcounter=\count288
\Hy@pagecounter=\count289
 (/Users/sangwoopark/Library/TinyTeX/texmf-dist/tex/latex/hyperref/pd1enc.def
File: pd1enc.def 2024-05-23 v7.01i Hyperref: PDFDocEncoding definition (HO)
Now handling font encoding PD1 ...
... no UTF-8 mapping file for font encoding PD1
) (/Users/sangwoopark/Library/TinyTeX/texmf-dist/tex/generic/intcalc/intcalc.sty
Package: intcalc 2019/12/15 v1.3 Expandable calculations with integers (HO)
)
\Hy@SavedSpaceFactor=\count290
 (/Users/sangwoopark/Library/TinyTeX/texmf-dist/tex/latex/hyperref/puenc.def
File: puenc.def 2024-05-23 v7.01i Hyperref: PDF Unicode definition (HO)
Now handling font encoding PU ...
... no UTF-8 mapping file for font encoding PU
)
Package hyperref Info: Option `unicode' set `true' on input line 4040.
Package hyperref Info: Option `psdextra' set `true' on input line 4040.
 (/Users/sangwoopark/Library/TinyTeX/texmf-dist/tex/latex/hyperref/psdextra.def
File: psdextra.def 2024-05-23 v7.01i Hyperref: Additions to PDF string support
)
Package hyperref Info: Hyper figures OFF on input line 4157.
Package hyperref Info: Link nesting OFF on input line 4162.
Package hyperref Info: Hyper index ON on input line 4165.
Package hyperref Info: Plain pages OFF on input line 4172.
Package hyperref Info: Backreferencing OFF on input line 4177.
Package hyperref Info: Implicit mode ON; LaTeX internals redefined.
Package hyperref Info: Bookmarks ON on input line 4424.
\c@Hy@tempcnt=\count291
 (/Users/sangwoopark/Library/TinyTeX/texmf-dist/tex/latex/url/url.sty
\Urlmuskip=\muskip17
Package: url 2013/09/16  ver 3.4  Verb mode for urls, etc.
)
LaTeX Info: Redefining \url on input line 4763.
\XeTeXLinkMargin=\dimen166
 (/Users/sangwoopark/Library/TinyTeX/texmf-dist/tex/generic/bitset/bitset.sty
Package: bitset 2019/12/09 v1.3 Handle bit-vector datatype (HO)
 (/Users/sangwoopark/Library/TinyTeX/texmf-dist/tex/generic/bigintcalc/bigintcalc.sty
Package: bigintcalc 2019/12/15 v1.5 Expandable calculations on big integers (HO)
))
\Fld@menulength=\count292
\Field@Width=\dimen167
\Fld@charsize=\dimen168
Package hyperref Info: Hyper figures OFF on input line 6042.
Package hyperref Info: Link nesting OFF on input line 6047.
Package hyperref Info: Hyper index ON on input line 6050.
Package hyperref Info: backreferencing OFF on input line 6057.
Package hyperref Info: Link coloring OFF on input line 6062.
Package hyperref Info: Link coloring with OCG OFF on input line 6067.
Package hyperref Info: PDF/A mode OFF on input line 6072.
 (/Users/sangwoopark/Library/TinyTeX/texmf-dist/tex/latex/base/atbegshi-ltx.sty
Package: atbegshi-ltx 2021/01/10 v1.0c Emulation of the original atbegshi
package with kernel methods
)
\Hy@abspage=\count293
\c@Item=\count294
\c@Hfootnote=\count295
)
Package hyperref Info: Driver (autodetected): hpdftex.
 (/Users/sangwoopark/Library/TinyTeX/texmf-dist/tex/latex/hyperref/hpdftex.def
File: hpdftex.def 2024-05-23 v7.01i Hyperref driver for pdfTeX
 (/Users/sangwoopark/Library/TinyTeX/texmf-dist/tex/latex/base/atveryend-ltx.sty
Package: atveryend-ltx 2020/08/19 v1.0a Emulation of the original atveryend package
with kernel methods
)
\Fld@listcount=\count296
\c@bookmark@seq@number=\count297
 (/Users/sangwoopark/Library/TinyTeX/texmf-dist/tex/latex/rerunfilecheck/rerunfilecheck.sty
Package: rerunfilecheck 2022-07-10 v1.10 Rerun checks for auxiliary files (HO)
 (/Users/sangwoopark/Library/TinyTeX/texmf-dist/tex/generic/uniquecounter/uniquecounter.sty
Package: uniquecounter 2019/12/15 v1.4 Provide unlimited unique counter (HO)
)
Package uniquecounter Info: New unique counter `rerunfilecheck' on input line 285.
)
\Hy@SectionHShift=\skip56
) (/Users/sangwoopark/Library/TinyTeX/texmf-dist/tex/latex/natbib/natbib.sty
Package: natbib 2010/09/13 8.31b (PWD, AO)
\bibhang=\skip57
\bibsep=\skip58
LaTeX Info: Redefining \cite on input line 694.
\c@NAT@ctr=\count298
) (/Users/sangwoopark/Library/TinyTeX/texmf-dist/tex/latex/tools/xspace.sty
Package: xspace 2014/10/28 v1.13 Space after command names (DPC,MH)
) (/Users/sangwoopark/Library/TinyTeX/texmf-dist/tex/latex/graphics/color.sty
Package: color 2022/01/06 v1.3d Standard LaTeX Color (DPC)
 (/Users/sangwoopark/Library/TinyTeX/texmf-dist/tex/latex/graphics-cfg/color.cfg
File: color.cfg 2016/01/02 v1.6 sample color configuration
)
Package color Info: Driver file: pdftex.def on input line 149.
 (/Users/sangwoopark/Library/TinyTeX/texmf-dist/tex/latex/graphics/mathcolor.ltx)) (/Users/sangwoopark/Library/TinyTeX/texmf-dist/tex/generic/ulem/ulem.sty
\UL@box=\box54
\UL@hyphenbox=\box55
\UL@skip=\skip59
\UL@hook=\toks31
\UL@height=\dimen169
\UL@pe=\count299
\UL@pixel=\dimen170
\ULC@box=\box56
Package: ulem 2019/11/18
\ULdepth=\dimen171
) (/Users/sangwoopark/Library/TinyTeX/texmf-dist/tex/latex/oberdiek/settobox.sty
Package: settobox 2016/05/16 v1.5 Assign box dimensions to length registers (HO)
) (/Users/sangwoopark/Library/TinyTeX/texmf-dist/tex/latex/letltxmacro/letltxmacro.sty
Package: letltxmacro 2019/12/03 v1.6 Let assignment for LaTeX macros (HO)
)
\DIFdelgraphicsbox=\box57
\DIFdelgraphicswidth=\skip60
\DIFdelgraphicsheight=\skip61
LaTeX Info: Redefining \DIFaddbegin on input line 104.
LaTeX Info: Redefining \DIFaddend on input line 105.
LaTeX Info: Redefining \DIFdelbegin on input line 106.
LaTeX Info: Redefining \DIFdelend on input line 107.
LaTeX Info: Redefining \DIFaddbeginFL on input line 112.
LaTeX Info: Redefining \DIFaddendFL on input line 113.
LaTeX Info: Redefining \DIFdelbeginFL on input line 114.
LaTeX Info: Redefining \DIFdelendFL on input line 115.
 (/Users/sangwoopark/Library/TinyTeX/texmf-dist/tex/latex/l3backend/l3backend-pdftex.def
File: l3backend-pdftex.def 2024-05-08 L3 backend support: PDF output (pdfTeX)
\l__color_backend_stack_int=\count300
\l__pdf_internal_box=\box58
) (./mumps_diff.aux)
\openout1 = `mumps_diff.aux'.

LaTeX Font Info:    Checking defaults for OML/cmm/m/it on input line 118.
LaTeX Font Info:    ... okay on input line 118.
LaTeX Font Info:    Checking defaults for OMS/cmsy/m/n on input line 118.
LaTeX Font Info:    ... okay on input line 118.
LaTeX Font Info:    Checking defaults for OT1/cmr/m/n on input line 118.
LaTeX Font Info:    ... okay on input line 118.
LaTeX Font Info:    Checking defaults for T1/cmr/m/n on input line 118.
LaTeX Font Info:    ... okay on input line 118.
LaTeX Font Info:    Checking defaults for TS1/cmr/m/n on input line 118.
LaTeX Font Info:    ... okay on input line 118.
LaTeX Font Info:    Checking defaults for OMX/cmex/m/n on input line 118.
LaTeX Font Info:    ... okay on input line 118.
LaTeX Font Info:    Checking defaults for U/cmr/m/n on input line 118.
LaTeX Font Info:    ... okay on input line 118.
LaTeX Font Info:    Checking defaults for PD1/pdf/m/n on input line 118.
LaTeX Font Info:    ... okay on input line 118.
LaTeX Font Info:    Checking defaults for PU/pdf/m/n on input line 118.
LaTeX Font Info:    ... okay on input line 118.

*geometry* driver: auto-detecting
*geometry* detected driver: pdftex
*geometry* verbose mode - [ preamble ] result:
* driver: pdftex
* paper: <default>
* layout: <same size as paper>
* layoutoffset:(h,v)=(0.0pt,0.0pt)
* modes: 
* h-part:(L,W,R)=(72.26999pt, 469.75502pt, 72.26999pt)
* v-part:(T,H,B)=(72.26999pt, 627.30263pt, 95.39737pt)
* \paperwidth=614.295pt
* \paperheight=794.96999pt
* \textwidth=469.75502pt
* \textheight=627.30263pt
* \oddsidemargin=0.0pt
* \evensidemargin=0.0pt
* \topmargin=-37.0pt
* \headheight=12.0pt
* \headsep=25.0pt
* \topskip=12.0pt
* \footskip=72.26999pt
* \marginparwidth=44.0pt
* \marginparsep=10.0pt
* \columnsep=10.0pt
* \skip\footins=10.8pt plus 4.0pt minus 2.0pt
* \hoffset=0.0pt
* \voffset=0.0pt
* \mag=1000
* \@twocolumnfalse
* \@twosidefalse
* \@mparswitchfalse
* \@reversemarginfalse
* (1in=72.27pt=25.4mm, 1cm=28.453pt)

(/Users/sangwoopark/Library/TinyTeX/texmf-dist/tex/latex/epstopdf-pkg/epstopdf-base.sty
Package: epstopdf-base 2020-01-24 v2.11 Base part for package epstopdf
Package epstopdf-base Info: Redefining graphics rule for `.eps' on input line 485.
 (/Users/sangwoopark/Library/TinyTeX/texmf-dist/tex/latex/latexconfig/epstopdf-sys.cfg
File: epstopdf-sys.cfg 2010/07/13 v1.3 Configuration of (r)epstopdf for TeX Live
))
Package hyperref Info: Link coloring OFF on input line 118.
 (./mumps_diff.out) (./mumps_diff.out)
\@outlinefile=\write3
\openout3 = `mumps_diff.out'.

LaTeX Font Info:    Trying to load font information for U+msa on input line 127.
 (/Users/sangwoopark/Library/TinyTeX/texmf-dist/tex/latex/amsfonts/umsa.fd
File: umsa.fd 2013/01/14 v3.01 AMS symbols A
)
LaTeX Font Info:    Trying to load font information for U+msb on input line 127.
 (/Users/sangwoopark/Library/TinyTeX/texmf-dist/tex/latex/amsfonts/umsb.fd
File: umsb.fd 2013/01/14 v3.01 AMS symbols B
)
Underfull \hbox (badness 10000) in paragraph at lines 144--153

 []

(/Users/sangwoopark/Library/TinyTeX/texmf-dist/tex/generic/stringenc/se-pdfdoc.def
File: se-pdfdoc.def 2019/11/29 v1.12 stringenc: PDFDocEncoding
) [1

{/Users/sangwoopark/Library/TinyTeX/texmf-var/fonts/map/pdftex/updmap/pdftex.map}] [2] [3]
<../figure/time_series.pdf, id=149, 867.24pt x 289.08pt>
File: ../figure/time_series.pdf Graphic file (type pdf)
<use ../figure/time_series.pdf>
Package pdftex.def Info: ../figure/time_series.pdf  used on input line 206.
(pdftex.def)             Requested size: 469.75502pt x 156.58607pt.
 [4 <../figure/time_series.pdf>]
Overfull \hbox (20.94823pt too wide) in paragraph at lines 234--249
|   []   |   []   |   []   |   []   |   []   |   []   |   []   |   []   |   []   |   []   |   []
 []

[5] [6] [7]
Overfull \hbox (68.99347pt too wide) in paragraph at lines 324--348
 [] 
 []

[8] [9]
<../figure_stanfit_seirv_final/figure_stanfit_trajectory.pdf, id=243, 578.16pt x 578.16pt>
File: ../figure_stanfit_seirv_final/figure_stanfit_trajectory.pdf Graphic file (type pdf)
<use ../figure_stanfit_seirv_final/figure_stanfit_trajectory.pdf>
Package pdftex.def Info: ../figure_stanfit_seirv_final/figure_stanfit_trajectory.pdf  used on input line 400.
(pdftex.def)             Requested size: 469.75502pt x 469.75385pt.

Overfull \hbox (67.09183pt too wide) in paragraph at lines 427--438
\OT1/cmr/m/n/12 demi-o-log-i-cal fac-tors (see Dis-cus-sion). The com-bined VE was []|   [][][]|   [][]% (95% CI: []|   [][][]|   [][]%)
 []

[10] [11 <../figure_stanfit_seirv_final/figure_stanfit_trajectory.pdf>]
<../figure_stanfit_seirv_final/figure_stanfit_effects_exclusion.pdf, id=266, 433.62pt x 289.08pt>
File: ../figure_stanfit_seirv_final/figure_stanfit_effects_exclusion.pdf Graphic file (type pdf)
<use ../figure_stanfit_seirv_final/figure_stanfit_effects_exclusion.pdf>
Package pdftex.def Info: ../figure_stanfit_seirv_final/figure_stanfit_effects_exclusion.pdf  used on input line 449.
(pdftex.def)             Requested size: 328.82707pt x 219.22668pt.
<../figure_stanfit_seirv_final/figure_stanfit_strategy_summ.pdf, id=270, 433.62pt x 289.08pt>
File: ../figure_stanfit_seirv_final/figure_stanfit_strategy_summ.pdf Graphic file (type pdf)
<use ../figure_stanfit_seirv_final/figure_stanfit_strategy_summ.pdf>
Package pdftex.def Info: ../figure_stanfit_seirv_final/figure_stanfit_strategy_summ.pdf  used on input line 470.
(pdftex.def)             Requested size: 469.75502pt x 313.1854pt.

Overfull \hbox (6.79999pt too wide) in paragraph at lines 470--479
[][][] 
 []


LaTeX Warning: `!h' float specifier changed to `!ht'.

[12] [13 <../figure_stanfit_seirv_final/figure_stanfit_effects_exclusion.pdf>]
Overfull \hbox (35.9842pt too wide) in paragraph at lines 515--516
|   []   |   []   |   []   |   []   |   []   |   []   |   []
 []

[14 <../figure_stanfit_seirv_final/figure_stanfit_strategy_summ.pdf>] [15]
Overfull \hbox (4.62799pt too wide) in paragraph at lines 551--552
\OT1/cmr/m/n/12 All code are stored in a pub-licly avail-able GitHub repos-i-tory ([]$\OT1/cmtt/m/n/12 https : / / github . com / parksw3 /
 []

[16] [17] [18]
Overfull \vbox (68.22481pt too high) has occurred while \output is active []

 [19]
Overfull \hbox (37.31332pt too wide) in paragraph at lines 661--662
|   []   |   []   |   []   |   []   |   []   |   []   |   []   |   []   |   []   |   []   |   []   |   []   |   []
 []

[20]
<../figure/diagram.pdf, id=446, 405.60934pt x 319.46252pt>
File: ../figure/diagram.pdf Graphic file (type pdf)
<use ../figure/diagram.pdf>
Package pdftex.def Info: ../figure/diagram.pdf  used on input line 679.
(pdftex.def)             Requested size: 469.75502pt x 369.99669pt.

pdfTeX warning (ext4): destination with the same identifier (name{figure.1}) has been already used, duplicate ignored
<to be read again> 
                   \relax 
l.682 }
        [21 <../figure/diagram.pdf>]
<../figure_stanfit_seirv_final/figure_stanfit_total.pdf, id=483, 722.7pt x 361.35pt>
File: ../figure_stanfit_seirv_final/figure_stanfit_total.pdf Graphic file (type pdf)
<use ../figure_stanfit_seirv_final/figure_stanfit_total.pdf>
Package pdftex.def Info: ../figure_stanfit_seirv_final/figure_stanfit_total.pdf  used on input line 689.
(pdftex.def)             Requested size: 469.75502pt x 234.88023pt.

pdfTeX warning (ext4): destination with the same identifier (name{figure.2}) has been already used, duplicate ignored
<to be read again> 
                   \relax 
l.695 }
       
pdfTeX warning (ext4): destination with the same identifier (name{figure.2}) has been already used, duplicate ignored
<to be read again> 
                   \relax 
l.695 }
        [22 <../figure_stanfit_seirv_final/figure_stanfit_total.pdf>]
<../figure_stanfit_seirv_final/figure_stanfit_Rt_comp.pdf, id=496, 578.16pt x 433.62pt>
File: ../figure_stanfit_seirv_final/figure_stanfit_Rt_comp.pdf Graphic file (type pdf)
<use ../figure_stanfit_seirv_final/figure_stanfit_Rt_comp.pdf>
Package pdftex.def Info: ../figure_stanfit_seirv_final/figure_stanfit_Rt_comp.pdf  used on input line 701.
(pdftex.def)             Requested size: 469.75502pt x 352.31538pt.

pdfTeX warning (ext4): destination with the same identifier (name{figure.3}) has been already used, duplicate ignored
<to be read again> 
                   \relax 
l.709 }
       
pdfTeX warning (ext4): destination with the same identifier (name{figure.3}) has been already used, duplicate ignored
<to be read again> 
                   \relax 
l.709 }
        [23 <../figure_stanfit_seirv_final/figure_stanfit_Rt_comp.pdf>]
<../figure_stanfit_seirv_final/figure_stanfit_param_all.pdf, id=509, 867.24pt x 433.62pt>
File: ../figure_stanfit_seirv_final/figure_stanfit_param_all.pdf Graphic file (type pdf)
<use ../figure_stanfit_seirv_final/figure_stanfit_param_all.pdf>
Package pdftex.def Info: ../figure_stanfit_seirv_final/figure_stanfit_param_all.pdf  used on input line 715.
(pdftex.def)             Requested size: 469.75502pt x 234.87912pt.

pdfTeX warning (ext4): destination with the same identifier (name{figure.4}) has been already used, duplicate ignored
<to be read again> 
                   \relax 
l.721 }
       
pdfTeX warning (ext4): destination with the same identifier (name{figure.4}) has been already used, duplicate ignored
<to be read again> 
                   \relax 
l.721 }
        [24 <../figure_stanfit_seirv_final/figure_stanfit_param_all.pdf>]
<../figure_stanfit_seirv_final/figure_stanfit_param_avg.pdf, id=519, 867.24pt x 433.62pt>
File: ../figure_stanfit_seirv_final/figure_stanfit_param_avg.pdf Graphic file (type pdf)
<use ../figure_stanfit_seirv_final/figure_stanfit_param_avg.pdf>
Package pdftex.def Info: ../figure_stanfit_seirv_final/figure_stanfit_param_avg.pdf  used on input line 729.
(pdftex.def)             Requested size: 469.75502pt x 234.87912pt.
 [25 <../figure_stanfit_seirv_final/figure_stanfit_param_avg.pdf>]
<../pomp/figure_pomp_loglik.pdf, id=532, 867.24pt x 433.62pt>
File: ../pomp/figure_pomp_loglik.pdf Graphic file (type pdf)
<use ../pomp/figure_pomp_loglik.pdf>
Package pdftex.def Info: ../pomp/figure_pomp_loglik.pdf  used on input line 742.
(pdftex.def)             Requested size: 469.75502pt x 234.87912pt.
 [26 <../pomp/figure_pomp_loglik.pdf>]
<../figure_stanfit_seirv_final/figure_stanfit_effects_inclusion.pdf, id=543, 433.62pt x 289.08pt>
File: ../figure_stanfit_seirv_final/figure_stanfit_effects_inclusion.pdf Graphic file (type pdf)
<use ../figure_stanfit_seirv_final/figure_stanfit_effects_inclusion.pdf>
Package pdftex.def Info: ../figure_stanfit_seirv_final/figure_stanfit_effects_inclusion.pdf  used on input line 756.
(pdftex.def)             Requested size: 328.82707pt x 219.22668pt.
 [27 <../figure_stanfit_seirv_final/figure_stanfit_effects_inclusion.pdf>]
<../figure_stanfit_seirv_final/figure_stanfit_strategy.pdf, id=558, 578.16pt x 433.62pt>
File: ../figure_stanfit_seirv_final/figure_stanfit_strategy.pdf Graphic file (type pdf)
<use ../figure_stanfit_seirv_final/figure_stanfit_strategy.pdf>
Package pdftex.def Info: ../figure_stanfit_seirv_final/figure_stanfit_strategy.pdf  used on input line 767.
(pdftex.def)             Requested size: 469.75502pt x 352.31538pt.
 [28 <../figure_stanfit_seirv_final/figure_stanfit_strategy.pdf>] (./mumps_diff.bbl
Underfull \hbox (badness 4699) in paragraph at lines 9--13
[]\OT1/cmr/m/n/12 Breaux, A. (2018).  Should Uni-ver-sity of Iowa sopho-mores live on cam-pus?
 []


Underfull \hbox (badness 3148) in paragraph at lines 9--13
\OT1/cmr/m/n/12 Task force weighs pros and cons.  \OT1/cmr/m/it/12 Iowa City Press-Citizen\OT1/cmr/m/n/12 .  []$\OT1/cmtt/m/n/12 https : / / www .
 []


Underfull \hbox (badness 10000) in paragraph at lines 9--13
\OT1/cmtt/m/n/12 press-[]citizen . com / story / news / education / university-[]of-[]iowa / 2018 / 08 / 10 /
 []


Overfull \hbox (103.24513pt too wide) in paragraph at lines 9--13
\OT1/cmtt/m/n/12 university-[]iowa-[]considers-[]requiring-[]sophomores-[]live-[]campus-[]corm-[]residence-[]hall-[]von-[]stange /
 []

[29] [30] [31]) [32] (./mumps_diff.aux)
 ***********
LaTeX2e <2023-11-01> patch level 1
L3 programming layer <2024-05-08>
 ***********
Package rerunfilecheck Info: File `mumps_diff.out' has not changed.
(rerunfilecheck)             Checksum: 07B2CFB4AA06F2EBF920333C9D40E2F1;767.
 ) 
Here is how much of TeX's memory you used:
 12260 strings out of 475953
 187629 string characters out of 5789041
 1986904 words of memory out of 5000000
 34167 multiletter control sequences out of 15000+600000
 565499 words of font info for 65 fonts, out of 8000000 for 9000
 14 hyphenation exceptions out of 8191
 69i,16n,79p,956b,2197s stack positions out of 10000i,1000n,20000p,200000b,200000s
</Users/sangwoopark/Library/TinyTeX/texmf-dist/fonts/type1/public/amsfonts/cm/cmbx12.pfb></Users/sangwoopark/Library/TinyTeX/texmf-dist/fonts/type1/public/amsfonts/cm/cmex10.pfb></Users/sangwoopark/Library/TinyTeX/texmf-dist/fonts/type1/public/amsfonts/cm/cmmi10.pfb></Users/sangwoopark/Library/TinyTeX/texmf-dist/fonts/type1/public/amsfonts/cm/cmmi12.pfb></Users/sangwoopark/Library/TinyTeX/texmf-dist/fonts/type1/public/amsfonts/cm/cmmi6.pfb></Users/sangwoopark/Library/TinyTeX/texmf-dist/fonts/type1/public/amsfonts/cm/cmmi7.pfb></Users/sangwoopark/Library/TinyTeX/texmf-dist/fonts/type1/public/amsfonts/cm/cmmi8.pfb></Users/sangwoopark/Library/TinyTeX/texmf-dist/fonts/type1/public/amsfonts/cm/cmr10.pfb></Users/sangwoopark/Library/TinyTeX/texmf-dist/fonts/type1/public/amsfonts/cm/cmr12.pfb></Users/sangwoopark/Library/TinyTeX/texmf-dist/fonts/type1/public/amsfonts/cm/cmr17.pfb></Users/sangwoopark/Library/TinyTeX/texmf-dist/fonts/type1/public/amsfonts/cm/cmr5.pfb></Users/sangwoopark/Library/TinyTeX/texmf-dist/fonts/type1/public/amsfonts/cm/cmr6.pfb></Users/sangwoopark/Library/TinyTeX/texmf-dist/fonts/type1/public/amsfonts/cm/cmr8.pfb></Users/sangwoopark/Library/TinyTeX/texmf-dist/fonts/type1/public/amsfonts/cm/cmsy10.pfb></Users/sangwoopark/Library/TinyTeX/texmf-dist/fonts/type1/public/amsfonts/cm/cmti12.pfb></Users/sangwoopark/Library/TinyTeX/texmf-dist/fonts/type1/public/amsfonts/cm/cmtt12.pfb></Users/sangwoopark/Library/TinyTeX/texmf-dist/fonts/type1/public/amsfonts/latxfont/lasy6.pfb>
Output written on mumps_diff.pdf (32 pages, 846712 bytes).
PDF statistics:
 687 PDF objects out of 1000 (max. 8388607)
 589 compressed objects within 6 object streams
 173 named destinations out of 1000 (max. 500000)
 149 words of extra memory for PDF output out of 10000 (max. 10000000)

